


ARM Macro Assembler    Page 1 


    1 00000000         ; Print.s
    2 00000000         ; Student names: change this to your names or look very 
                       silly
    3 00000000         ; Last modification date: change this to the last modifi
                       cation date or look very silly
    4 00000000         ; Runs on LM4F120 or TM4C123
    5 00000000         ; EE319K lab 7 device driver for any LCD
    6 00000000         ;
    7 00000000         ; As part of Lab 7, students need to implement these LCD
                       _OutDec and LCD_OutFix
    8 00000000         ; This driver assumes two low-level LCD functions
    9 00000000         ; ST7735_OutChar   outputs a single 8-bit ASCII characte
                       r
   10 00000000         ; ST7735_OutString outputs a null-terminated string 
   11 00000000         
   12 00000000                 IMPORT           ST7735_OutChar
   13 00000000                 IMPORT           ST7735_OutString
   14 00000000                 EXPORT           LCD_OutDec
   15 00000000                 EXPORT           LCD_OutFix
   16 00000000         
   17 00000000                 AREA             |.text|, CODE, READONLY, ALIGN=
2
   18 00000000                 THUMB
   19 00000000         
   20 00000000         
   21 00000000         
   22 00000000         ;-----------------------LCD_OutDec----------------------
                       -
   23 00000000         ; Output a 32-bit number in unsigned decimal format
   24 00000000         ; Input: R0 (call by value) 32-bit unsigned number
   25 00000000         ; Output: none
   26 00000000         ; Invariables: This function must not permanently modify
                        registers R4 to R11
   27 00000000         LCD_OutDec
   28 00000000 00000000 
                       SPACEASCII
                               EQU              0
   29 00000000 00000020 
                       NUMBER  EQU              0x20
   30 00000000         
   31 00000000 B51F            PUSH             {R0, R1, R2, R3, R4, LR} ;
   32 00000002 B082            SUB              SP, #8      ;               All
                                                            ocate SPACEASCII
   33 00000004         
   34 00000004 F04F 0220       MOV              R2, #32     ;              ASCI
                                                            I Value of Space
   35 00000008 9200            STR              R2, [SP, #SPACEASCII]
   36 0000000A 9900            LDR              R1, [SP, #SPACEASCII]
   37 0000000C         
   38 0000000C F004 0400       AND              R4, R4, #0  ;           R4 is B
                                                            lank counter
   39 00000010 F100 0300       ADD              R3, R0, #0  ;           R3 = R0
                                                             for modification p
                                                            urposes
   40 00000014         
   41 00000014 F103 0001       ADD              R0, R3, #1  ;
   42 00000018 2800            CMP              R0, #0
   43 0000001A D13C            BNE              Billions
   44 0000001C         



ARM Macro Assembler    Page 2 


   45 0000001C         MAX                                  ;Max value 0xFFFFFF
                                                            FF special case
   46 0000001C F04F 0034       MOV              R0, #52     ;                  
                                                              4
   47 00000020 B43F            PUSH             {R0-R5}
   48 00000022 F7FF FFFE       BL               ST7735_OutChar ;
   49 00000026 BC3F            POP              {R0-R5}
   50 00000028 F04F 0032       MOV              R0, #50     ;                  
                                                              2
   51 0000002C B43F            PUSH             {R0-R5}
   52 0000002E F7FF FFFE       BL               ST7735_OutChar ;
   53 00000032 BC3F            POP              {R0-R5}
   54 00000034 F04F 0039       MOV              R0, #57     ;                  
                                                              9
   55 00000038 B43F            PUSH             {R0-R5}
   56 0000003A F7FF FFFE       BL               ST7735_OutChar ;
   57 0000003E BC3F            POP              {R0-R5}
   58 00000040 F04F 0034       MOV              R0, #52     ;                  
                                                              4
   59 00000044 B43F            PUSH             {R0-R5}
   60 00000046 F7FF FFFE       BL               ST7735_OutChar ;
   61 0000004A BC3F            POP              {R0-R5}
   62 0000004C F04F 0039       MOV              R0, #57     ;                  
                                                              9
   63 00000050 B43F            PUSH             {R0-R5}
   64 00000052 F7FF FFFE       BL               ST7735_OutChar ;
   65 00000056 BC3F            POP              {R0-R5}
   66 00000058 F04F 0036       MOV              R0, #54     ;                  
                                                              6
   67 0000005C B43F            PUSH             {R0-R5}
   68 0000005E F7FF FFFE       BL               ST7735_OutChar ;
   69 00000062 BC3F            POP              {R0-R5}
   70 00000064 F04F 0037       MOV              R0, #55     ;                  
                                                              7
   71 00000068 B43F            PUSH             {R0-R5}
   72 0000006A F7FF FFFE       BL               ST7735_OutChar ;
   73 0000006E BC3F            POP              {R0-R5}
   74 00000070 F04F 0032       MOV              R0, #50     ;                  
                                                              2
   75 00000074 B43F            PUSH             {R0-R5}
   76 00000076 F7FF FFFE       BL               ST7735_OutChar ;
   77 0000007A BC3F            POP              {R0-R5}
   78 0000007C F04F 0039       MOV              R0, #57     ;                  
                                                              9
   79 00000080 B43F            PUSH             {R0-R5}
   80 00000082 F7FF FFFE       BL               ST7735_OutChar ;
   81 00000086 BC3F            POP              {R0-R5}
   82 00000088 F04F 0035       MOV              R0, #53     ;                  
                                                              5
   83 0000008C B43F            PUSH             {R0-R5}
   84 0000008E F7FF FFFE       BL               ST7735_OutChar ;
   85 00000092 BC3F            POP              {R0-R5}
   86 00000094 E181            B                Finish
   87 00000096         
   88 00000096         
   89 00000096         
   90 00000096         
   91 00000096         
   92 00000096         Billions



ARM Macro Assembler    Page 3 


   93 00000096 F002 0200       AND              R2, R2, #0  ;           R2= Dec
                                                            imal Value
   94 0000009A F44F 717A       MOV              R1, #1000   ;      R1= Decimal 
                                                            Place
   95 0000009E F44F 707A       MOV              R0, #1000   ;
   96 000000A2 FB01 F100       MUL              R1, R1, R0  ;
   97 000000A6 FB01 F100       MUL              R1, R1, R0  ;
   98 000000AA 1A5B    Loop1   SUBS             R3, R3, R1  ;           Counter
                                                             system makes R2 ha
                                                            ve value of Decimal
                                                             place
   99 000000AC D402            BMI              Billion_Done ;
  100 000000AE F102 0201       ADD              R2, R2, #1  ;
  101 000000B2 E7FA            B                Loop1       ;
  102 000000B4         Billion_Done
  103 000000B4 440B            ADD              R3, R3, R1  ;          Return t
                                                            o Positive
  104 000000B6 2A00            CMP              R2, #0      ;               
  105 000000B8 D006            BEQ              Billion_Zero ;          
  106 000000BA F102 0030       ADD              R0, R2, #0x30 ;         R0 is A
                                                            scii number to be o
                                                            utputed
  107 000000BE B43F            PUSH             {R0-R5}
  108 000000C0 F7FF FFFE       BL               ST7735_OutChar ;
  109 000000C4 BC3F            POP              {R0-R5}
  110 000000C6 E001            B                Billion_End
  111 000000C8         Billion_Zero
  112 000000C8 F104 0401       ADD              R4, R4, #1  ;            Blank 
                                                            Counter
  113 000000CC         Billion_End
  114 000000CC F001 0100       AND              R1, R1, #0
  115 000000D0         
  116 000000D0         ;;;;;;;;;;;;;;;;;;;;;;;;;;;;;;;;;;;;;;;;;;;;;;;;;;;;;;;;
                       ;;;;;;;;;;;;;
  117 000000D0         Hundred_Mill
  118 000000D0 F002 0200       AND              R2, R2, #0  ;           R2= Dec
                                                            imal Value
  119 000000D4 F04F 010A       MOV              R1, #10     ;      R1= Decimal 
                                                            Place
  120 000000D8 F04F 000A       MOV              R0, #10     ;
  121 000000DC FB01 F100       MUL              R1, R1, R0  ;
  122 000000E0 FB01 F100       MUL              R1, R1, R0  ;
  123 000000E4 FB01 F100       MUL              R1, R1, R0  ;
  124 000000E8 FB01 F100       MUL              R1, R1, R0  ;
  125 000000EC FB01 F100       MUL              R1, R1, R0  ;
  126 000000F0 FB01 F100       MUL              R1, R1, R0  ;
  127 000000F4 FB01 F100       MUL              R1, R1, R0  ;
  128 000000F8 1A5B    Loop2   SUBS             R3, R3, R1  ;           Counter
                                                             system makes R2 ha
                                                            ve value of Decimal
                                                             place
  129 000000FA D402            BMI              Hmill_Done  ;
  130 000000FC F102 0201       ADD              R2, R2, #1  ;
  131 00000100 E7FA            B                Loop2       ;
  132 00000102         Hmill_Done
  133 00000102 440B            ADD              R3, R3, R1  ;          Return t
                                                            o Positive
  134 00000104 2A00            CMP              R2, #0      ;               
  135 00000106 D006            BEQ              Hmill_Zero  ;          



ARM Macro Assembler    Page 4 


  136 00000108 F102 0030       ADD              R0, R2, #0x30 ;         R0 is A
                                                            scii number to be o
                                                            utputed
  137 0000010C B43F            PUSH             {R0-R5}
  138 0000010E F7FF FFFE       BL               ST7735_OutChar ;
  139 00000112 BC3F            POP              {R0-R5}
  140 00000114 E00A            B                Ten_Mill
  141 00000116         Hmill_Zero
  142 00000116 2C00            CMP              R4, #0      ;                Ch
                                                            eck if zero is sign
                                                            ificant or not
  143 00000118 DC06            BGT              Hmill_End
  144 0000011A F102 0030       ADD              R0, R2, #0x30 ;         R0 is A
                                                            scii number to be o
                                                            utputed
  145 0000011E B43F            PUSH             {R0-R5}
  146 00000120 F7FF FFFE       BL               ST7735_OutChar ;
  147 00000124 BC3F            POP              {R0-R5}
  148 00000126 E001            B                Ten_Mill
  149 00000128         Hmill_End
  150 00000128 F104 0401       ADD              R4, R4, #1  ;            Blank 
                                                            Counter
  151 0000012C         ;;;;;;;;;;;;;;;;;;;;;;;;;;;;;;;;;;;;;;;;;;;;;;;;;;;;;;;;
                       ;;;;;;;;
  152 0000012C         Ten_Mill
  153 0000012C F002 0200       AND              R2, R2, #0  ;           R2= Dec
                                                            imal Value
  154 00000130 F04F 010A       MOV              R1, #10     ;      R1= Decimal 
                                                            Place
  155 00000134 F04F 000A       MOV              R0, #10     ;
  156 00000138 FB01 F100       MUL              R1, R1, R0  ;
  157 0000013C FB01 F100       MUL              R1, R1, R0  ;
  158 00000140 FB01 F100       MUL              R1, R1, R0  ;
  159 00000144 FB01 F100       MUL              R1, R1, R0  ;
  160 00000148 FB01 F100       MUL              R1, R1, R0  ;
  161 0000014C FB01 F100       MUL              R1, R1, R0  ;
  162 00000150         
  163 00000150 1A5B    Loop3   SUBS             R3, R3, R1  ;           Counter
                                                             system makes R2 ha
                                                            ve value of Decimal
                                                             place
  164 00000152 D402            BMI              Tmill_Done  ;
  165 00000154 F102 0201       ADD              R2, R2, #1  ;
  166 00000158 E7FA            B                Loop3       ;
  167 0000015A         Tmill_Done
  168 0000015A 440B            ADD              R3, R3, R1  ;          Return t
                                                            o Positive
  169 0000015C 2A00            CMP              R2, #0      ;               
  170 0000015E D006            BEQ              Tmill_Zero  ;          
  171 00000160 F102 0030       ADD              R0, R2, #0x30 ;         R0 is A
                                                            scii number to be o
                                                            utputed
  172 00000164 B43F            PUSH             {R0-R5}
  173 00000166 F7FF FFFE       BL               ST7735_OutChar ;
  174 0000016A BC3F            POP              {R0-R5}
  175 0000016C E00A            B                Mill
  176 0000016E         Tmill_Zero
  177 0000016E 2C01            CMP              R4, #1      ;                Ch
                                                            eck if zero is sign



ARM Macro Assembler    Page 5 


                                                            ificant or not
  178 00000170 DC06            BGT              Tmill_End
  179 00000172 F102 0030       ADD              R0, R2, #0x30 ;         R0 is A
                                                            scii number to be o
                                                            utputed
  180 00000176 B43F            PUSH             {R0-R5}
  181 00000178 F7FF FFFE       BL               ST7735_OutChar ;
  182 0000017C BC3F            POP              {R0-R5}
  183 0000017E E001            B                Mill
  184 00000180         Tmill_End
  185 00000180 F104 0401       ADD              R4, R4, #1  ;            Blank 
                                                            Counter
  186 00000184         ;;;;;;;;;;;;;;;;;;;;;;;;;;;;;;;;;;;;;;;;;;;;;;;;;;;;;;;
  187 00000184         
  188 00000184         Mill
  189 00000184 F002 0200       AND              R2, R2, #0  ;           R2= Dec
                                                            imal Value
  190 00000188 F04F 010A       MOV              R1, #10     ;      R1= Decimal 
                                                            Place
  191 0000018C F04F 000A       MOV              R0, #10     ;
  192 00000190 FB01 F100       MUL              R1, R1, R0  ;
  193 00000194 FB01 F100       MUL              R1, R1, R0  ;
  194 00000198 FB01 F100       MUL              R1, R1, R0  ;
  195 0000019C FB01 F100       MUL              R1, R1, R0  ;
  196 000001A0 FB01 F100       MUL              R1, R1, R0  ;
  197 000001A4 1A5B    Loop4   SUBS             R3, R3, R1  ;           Counter
                                                             system makes R2 ha
                                                            ve value of Decimal
                                                             place
  198 000001A6 D402            BMI              mill_Done   ;
  199 000001A8 F102 0201       ADD              R2, R2, #1  ;
  200 000001AC E7FA            B                Loop4       ;
  201 000001AE         mill_Done
  202 000001AE 440B            ADD              R3, R3, R1  ;          Return t
                                                            o Positive
  203 000001B0 2A00            CMP              R2, #0      ;               
  204 000001B2 D006            BEQ              mill_Zero   ;          
  205 000001B4 F102 0030       ADD              R0, R2, #0x30 ;         R0 is A
                                                            scii number to be o
                                                            utputed
  206 000001B8 B43F            PUSH             {R0-R5}
  207 000001BA F7FF FFFE       BL               ST7735_OutChar ;
  208 000001BE BC3F            POP              {R0-R5}
  209 000001C0 E00A            B                Hundred_Thousand ;
  210 000001C2         mill_Zero
  211 000001C2 2C02            CMP              R4, #2      ;                Ch
                                                            eck if zero is sign
                                                            ificant or not
  212 000001C4 DC06            BGT              mill_End
  213 000001C6 F102 0030       ADD              R0, R2, #0x30 ;         R0 is A
                                                            scii number to be o
                                                            utputed
  214 000001CA B43F            PUSH             {R0-R5}
  215 000001CC F7FF FFFE       BL               ST7735_OutChar ;
  216 000001D0 BC3F            POP              {R0-R5}
  217 000001D2 E001            B                Hundred_Thousand ;            
  218 000001D4         mill_End
  219 000001D4 F104 0401       ADD              R4, R4, #1  ;              Blan
                                                            k Counter



ARM Macro Assembler    Page 6 


  220 000001D8         ;;;;;;;;;;;;;;;;;;;;;;;;;;;;;;;;;;;;;;;;;;;;;;;;;;;;;;;;
                       ;;;;;
  221 000001D8         Hundred_Thousand
  222 000001D8 F002 0200       AND              R2, R2, #0  ;           R2= Dec
                                                            imal Value
  223 000001DC F04F 010A       MOV              R1, #10     ;      R1= Decimal 
                                                            Place
  224 000001E0 F04F 000A       MOV              R0, #10     ;
  225 000001E4 FB01 F100       MUL              R1, R1, R0  ;
  226 000001E8 FB01 F100       MUL              R1, R1, R0  ;
  227 000001EC FB01 F100       MUL              R1, R1, R0  ;
  228 000001F0 FB01 F100       MUL              R1, R1, R0  ;
  229 000001F4 1A5B    Loop5   SUBS             R3, R3, R1  ;           Counter
                                                             system makes R2 ha
                                                            ve value of Decimal
                                                             place
  230 000001F6 D402            BMI              Hthou_Done  ;
  231 000001F8 F102 0201       ADD              R2, R2, #1  ;
  232 000001FC E7FA            B                Loop5       ;
  233 000001FE         Hthou_Done
  234 000001FE 440B            ADD              R3, R3, R1  ;          Return t
                                                            o Positive
  235 00000200 2A00            CMP              R2, #0      ;               
  236 00000202 D006            BEQ              Hthou_Zero  ;          
  237 00000204 F102 0030       ADD              R0, R2, #0x30 ;         R0 is A
                                                            scii number to be o
                                                            utputed
  238 00000208 B43F            PUSH             {R0-R5}
  239 0000020A F7FF FFFE       BL               ST7735_OutChar ;
  240 0000020E BC3F            POP              {R0-R5}
  241 00000210 E00A            B                Ten_Thousand
  242 00000212         Hthou_Zero
  243 00000212 2C03            CMP              R4, #3      ;                Ch
                                                            eck if zero is sign
                                                            ificant or not
  244 00000214 DC06            BGT              Hthou_End
  245 00000216 F102 0030       ADD              R0, R2, #0x30 ;         R0 is A
                                                            scii number to be o
                                                            utputed
  246 0000021A B43F            PUSH             {R0-R5}
  247 0000021C F7FF FFFE       BL               ST7735_OutChar ;
  248 00000220 BC3F            POP              {R0-R5}
  249 00000222 E001            B                Ten_Thousand
  250 00000224         Hthou_End
  251 00000224 F104 0401       ADD              R4, R4, #1  ;           Blank C
                                                            ounter
  252 00000228         ;;;;;;;;;;;;;;;;;;;;;;;;;;;;;;;;;;;;;;;;;;;;;;;;;;;;;;;;
                       ;;;;
  253 00000228         Ten_Thousand
  254 00000228 F002 0200       AND              R2, R2, #0  ;           R2= Dec
                                                            imal Value
  255 0000022C F04F 010A       MOV              R1, #10     ;      R1= Decimal 
                                                            Place
  256 00000230 F04F 000A       MOV              R0, #10     ;
  257 00000234 FB01 F100       MUL              R1, R1, R0  ;
  258 00000238 FB01 F100       MUL              R1, R1, R0  ;
  259 0000023C FB01 F100       MUL              R1, R1, R0  ;
  260 00000240 1A5B    Loop6   SUBS             R3, R3, R1  ;           Counter
                                                             system makes R2 ha



ARM Macro Assembler    Page 7 


                                                            ve value of Decimal
                                                             place
  261 00000242 D402            BMI              Tthou_Done  ;
  262 00000244 F102 0201       ADD              R2, R2, #1  ;
  263 00000248 E7FA            B                Loop6       ;
  264 0000024A         Tthou_Done
  265 0000024A 440B            ADD              R3, R3, R1  ;          Return t
                                                            o Positive
  266 0000024C 2A00            CMP              R2, #0      ;               
  267 0000024E D006            BEQ              Tthou_Zero  ;          
  268 00000250 F102 0030       ADD              R0, R2, #0x30 ;         R0 is A
                                                            scii number to be o
                                                            utputed
  269 00000254 B43F            PUSH             {R0-R5}
  270 00000256 F7FF FFFE       BL               ST7735_OutChar ;
  271 0000025A BC3F            POP              {R0-R5}
  272 0000025C E00A            B                Thousand
  273 0000025E         Tthou_Zero
  274 0000025E 2C04            CMP              R4, #4      ;                Ch
                                                            eck if zero is sign
                                                            ificant or not
  275 00000260 DC06            BGT              Tthou_End
  276 00000262 F102 0030       ADD              R0, R2, #0x30 ;         R0 is A
                                                            scii number to be o
                                                            utputed
  277 00000266 B43F            PUSH             {R0-R5}
  278 00000268 F7FF FFFE       BL               ST7735_OutChar ;
  279 0000026C BC3F            POP              {R0-R5}
  280 0000026E E001            B                Thousand
  281 00000270         Tthou_End
  282 00000270 F104 0401       ADD              R4, R4, #1  ;            Blank 
                                                            Counter
  283 00000274         ;;;;;;;;;;;;;;;;;;;;;;;;;;;;;;;;;;;;;;;;;;;;;;;;;;;;;;;;
                       ;
  284 00000274         Thousand
  285 00000274 F002 0200       AND              R2, R2, #0  ;           R2= Dec
                                                            imal Value
  286 00000278 F04F 010A       MOV              R1, #10     ;      R1= Decimal 
                                                            Place
  287 0000027C F04F 000A       MOV              R0, #10     ;
  288 00000280 FB01 F100       MUL              R1, R1, R0  ;
  289 00000284 FB01 F100       MUL              R1, R1, R0  ;
  290 00000288 1A5B    Loop7   SUBS             R3, R3, R1  ;           Counter
                                                             system makes R2 ha
                                                            ve value of Decimal
                                                             place
  291 0000028A D402            BMI              thou_Done   ;
  292 0000028C F102 0201       ADD              R2, R2, #1  ;
  293 00000290 E7FA            B                Loop7       ;
  294 00000292         thou_Done
  295 00000292 440B            ADD              R3, R3, R1  ;          Return t
                                                            o Positive
  296 00000294 2A00            CMP              R2, #0      ;               
  297 00000296 D006            BEQ              thou_Zero   ;          
  298 00000298 F102 0030       ADD              R0, R2, #0x30 ;         R0 is A
                                                            scii number to be o
                                                            utputed
  299 0000029C B43F            PUSH             {R0-R5}
  300 0000029E F7FF FFFE       BL               ST7735_OutChar ;



ARM Macro Assembler    Page 8 


  301 000002A2 BC3F            POP              {R0-R5}     ;
  302 000002A4 E00A            B                Hundred
  303 000002A6         thou_Zero
  304 000002A6 2C05            CMP              R4, #5      ;                Ch
                                                            eck if zero is sign
                                                            ificant or not
  305 000002A8 DC06            BGT              thou_End
  306 000002AA F102 0030       ADD              R0, R2, #0x30 ;         R0 is A
                                                            scii number to be o
                                                            utputed
  307 000002AE B43F            PUSH             {R0-R5}
  308 000002B0 F7FF FFFE       BL               ST7735_OutChar ;
  309 000002B4 BC3F            POP              {R0-R5}
  310 000002B6 E001            B                Hundred
  311 000002B8         thou_End
  312 000002B8 F104 0401       ADD              R4, R4, #1  ;             Blank
                                                             Counter
  313 000002BC         ;;;;;;;;;;;;;;;;;;;;;;;;;;;;;;;;;;;;;;;;;;;;;;;;;;;;;;
  314 000002BC         Hundred
  315 000002BC F002 0200       AND              R2, R2, #0  ;           R2= Dec
                                                            imal Value
  316 000002C0 F04F 010A       MOV              R1, #10     ;      R1= Decimal 
                                                            Place
  317 000002C4 F04F 000A       MOV              R0, #10     ;
  318 000002C8 FB01 F100       MUL              R1, R1, R0  ;
  319 000002CC 1A5B    Loop8   SUBS             R3, R3, R1  ;           Counter
                                                             system makes R2 ha
                                                            ve value of Decimal
                                                             place
  320 000002CE D402            BMI              hun_Done    ;
  321 000002D0 F102 0201       ADD              R2, R2, #1  ;
  322 000002D4 E7FA            B                Loop8       ;
  323 000002D6         hun_Done
  324 000002D6 440B            ADD              R3, R3, R1  ;          Return t
                                                            o Positive
  325 000002D8 2A00            CMP              R2, #0      ;               
  326 000002DA D006            BEQ              hun_Zero    ;          
  327 000002DC F102 0030       ADD              R0, R2, #0x30 ;         R0 is A
                                                            scii number to be o
                                                            utputed
  328 000002E0 B43F            PUSH             {R0-R5}
  329 000002E2 F7FF FFFE       BL               ST7735_OutChar ;
  330 000002E6 BC3F            POP              {R0-R5}
  331 000002E8 E00A            B                Ten
  332 000002EA         hun_Zero
  333 000002EA 2C06            CMP              R4, #6      ;                Ch
                                                            eck if zero is sign
                                                            ificant or not
  334 000002EC DC06            BGT              hun_End
  335 000002EE F102 0030       ADD              R0, R2, #0x30 ;         R0 is A
                                                            scii number to be o
                                                            utputed
  336 000002F2 B43F            PUSH             {R0-R5}
  337 000002F4 F7FF FFFE       BL               ST7735_OutChar ;
  338 000002F8 BC3F            POP              {R0-R5}
  339 000002FA E001            B                Ten         ;
  340 000002FC         hun_End
  341 000002FC F104 0401       ADD              R4, R4, #1  ;           Blank C
                                                            ounter



ARM Macro Assembler    Page 9 


  342 00000300         ;;;;;;;;;;;;;;;;;;;;;;;;;;;;;;;;;;;;;;;;;;;;
  343 00000300         Ten
  344 00000300 F002 0200       AND              R2, R2, #0  ;           R2= Dec
                                                            imal Value
  345 00000304 F04F 010A       MOV              R1, #10     ;      R1= Decimal 
                                                            Place
  346 00000308 1A5B    Loop9   SUBS             R3, R3, R1  ;           Counter
                                                             system makes R2 ha
                                                            ve value of Decimal
                                                             place
  347 0000030A D402            BMI              Ten_Done    ;
  348 0000030C F102 0201       ADD              R2, R2, #1  ;
  349 00000310 E7FA            B                Loop9       ;
  350 00000312         Ten_Done
  351 00000312 440B            ADD              R3, R3, R1  ;          Return t
                                                            o Positive
  352 00000314 2A00            CMP              R2, #0      ;               
  353 00000316 D006            BEQ              Ten_Zero    ;          
  354 00000318 F102 0030       ADD              R0, R2, #0x30 ;         R0 is A
                                                            scii number to be o
                                                            utputed
  355 0000031C B43F            PUSH             {R0-R5}
  356 0000031E F7FF FFFE       BL               ST7735_OutChar ;
  357 00000322 BC3F            POP              {R0-R5}
  358 00000324 E00A            B                One
  359 00000326         Ten_Zero
  360 00000326 2C07            CMP              R4, #7      ;                Ch
                                                            eck if zero is sign
                                                            ificant or not
  361 00000328 DC06            BGT              Ten_End
  362 0000032A F102 0030       ADD              R0, R2, #0x30 ;         R0 is A
                                                            scii number to be o
                                                            utputed
  363 0000032E B43F            PUSH             {R0-R5}
  364 00000330 F7FF FFFE       BL               ST7735_OutChar ;
  365 00000334 BC3F            POP              {R0-R5}
  366 00000336 E001            B                One         ;
  367 00000338         Ten_End
  368 00000338 F104 0401       ADD              R4, R4, #1  ;             Blank
                                                             Counter
  369 0000033C         ;;;;;;;;;;;;;;;;;;;;;;;;;;;;;;;;;;;;;;;;;;;;;;;;;;;;;;;;
                       ;;;;;;;;;;;;;;;;;;;;;;;  
  370 0000033C         One
  371 0000033C F002 0200       AND              R2, R2, #0  ;           R2= Dec
                                                            imal Value
  372 00000340 F04F 0101       MOV              R1, #1      ;      R1= Decimal 
                                                            Place
  373 00000344 1A5B    Loop10  SUBS             R3, R3, R1  ;           Counter
                                                             system makes R2 ha
                                                            ve value of Decimal
                                                             place
  374 00000346 D402            BMI              one_Done    ;
  375 00000348 F102 0201       ADD              R2, R2, #1  ;
  376 0000034C E7FA            B                Loop10      ;
  377 0000034E         one_Done
  378 0000034E 440B            ADD              R3, R3, R1  ;          Return t
                                                            o Positive
  379 00000350 2A00            CMP              R2, #0      ;               
  380 00000352 D006            BEQ              one_Zero    ;          



ARM Macro Assembler    Page 10 


  381 00000354 F102 0030       ADD              R0, R2, #0x30 ;         R0 is A
                                                            scii number to be o
                                                            utputed
  382 00000358 B43F            PUSH             {R0-R5}
  383 0000035A F7FF FFFE       BL               ST7735_OutChar ;
  384 0000035E BC3F            POP              {R0-R5}
  385 00000360 E00A            B                Blanks
  386 00000362         one_Zero
  387 00000362 2C08            CMP              R4, #8      ;                Ch
                                                            eck if zero is sign
                                                            ificant or not
  388 00000364 DC06            BGT              one_End
  389 00000366 F102 0030       ADD              R0, R2, #0x30 ;         R0 is A
                                                            scii number to be o
                                                            utputed
  390 0000036A B43F            PUSH             {R0-R5}
  391 0000036C F7FF FFFE       BL               ST7735_OutChar ;
  392 00000370 BC3F            POP              {R0-R5}
  393 00000372 E001            B                Blanks      ;
  394 00000374         one_End
  395 00000374 F104 0401       ADD              R4, R4, #1  ;
  396 00000378         ;;;;;;;;;;;;;;;;;;;;;;;;;;;;;;;;;;;;;;;;;;;;;;
  397 00000378         Blanks
  398 00000378 2C0A            CMP              R4, #10
  399 0000037A D107            BNE              Lblank
  400 0000037C F000 0000       AND              R0, R0, #0  ;                  
                                                                 Special Case z
                                                            ero
  401 00000380 F100 0030       ADD              R0, R0, #0x30
  402 00000384         
  403 00000384 B43F            PUSH             {R0-R5}
  404 00000386 F7FF FFFE       BL               ST7735_OutChar ;
  405 0000038A BC3F            POP              {R0-R5}
  406 0000038C         
  407 0000038C 9800    Lblank  LDR              R0, [SP, #SPACEASCII] ;        
                                                                Load Spaces
  408 0000038E B43F            PUSH             {R0-R5}
  409 00000390 F7FF FFFE       BL               ST7735_OutChar ;
  410 00000394 BC3F            POP              {R0-R5}
  411 00000396 1E64            SUBS             R4, R4, #1  ;                  
                                                                 Loop output sp
                                                            aces
  412 00000398 D5F8            BPL              Lblank
  413 0000039A         Finish
  414 0000039A B002            ADD              SP, #8      ;               Dea
                                                            llocate  
  415 0000039C E8BD 401F       POP              {R0, R1, R2, R3, R4, LR}
  416 000003A0         
  417 000003A0         
  418 000003A0         
  419 000003A0         
  420 000003A0 4770            BX               LR
  421 000003A2         ;* * * * * * * * End of LCD_OutDec * * * * * * * *
  422 000003A2         
  423 000003A2         ; -----------------------LCD _OutFix--------------------
                       --
  424 000003A2         ; Output characters to LCD display in fixed-point format
                       
  425 000003A2         ; unsigned decimal, resolution 0.001, range 0.000 to 9.9



ARM Macro Assembler    Page 11 


                       99
  426 000003A2         ; Inputs:  R0 is an unsigned 32-bit number
  427 000003A2         ; Outputs: none
  428 000003A2         ; E.g., R0=0,    then output "0.000 "
  429 000003A2         ;       R0=3,    then output "0.003 "
  430 000003A2         ;       R0=89,   then output "0.089 "
  431 000003A2         ;       R0=123,  then output "0.123 "
  432 000003A2         ;       R0=9999, then output "9.999 "
  433 000003A2         ;       R0>9999, then output "*.*** "
  434 000003A2         ; Invariables: This function must not permanently modify
                        registers R4 to R11
  435 000003A2 00000000 
                       Asterisk
                               EQU              0
  436 000003A2 0000002E 
                       DECIMAL EQU              0x2E
  437 000003A2 0000002A 
                       Number  EQU              0x2A
  438 000003A2         
  439 000003A2         LCD_OutFix
  440 000003A2         
  441 000003A2         
  442 000003A2 B51F            PUSH             {R0-R4, LR}
  443 000003A4 B082            SUB              SP, #8      ;               All
                                                            ocate SPACEASCII
  444 000003A6         
  445 000003A6 F04F 022A       MOV              R2, #0x2A   ;              ASCI
                                                            I Value of Space
  446 000003AA 9200            STR              R2, [SP, #Asterisk]
  447 000003AC 9900            LDR              R1, [SP, #Asterisk]
  448 000003AE         
  449 000003AE F100 0300       ADD              R3, R0, #0  ; Max Value test
  450 000003B2 F103 0301       ADD              R3, R3, #1
  451 000003B6 2B00            CMP              R3, #0
  452 000003B8 D057            BEQ              Error       ;
  453 000003BA         
  454 000003BA F242 730F       MOV              R3, #9999
  455 000003BE 1C1B            ADDS             R3, R3, #0
  456 000003C0 4298            CMP              R0, R3      ;
  457 000003C2 DC52            BGT              Error       ;
  458 000003C4 F100 0300       ADD              R3, R0, #0  ;
  459 000003C8         
  460 000003C8         Thousand2
  461 000003C8 F002 0200       AND              R2, R2, #0  ;           R2= Dec
                                                            imal Value
  462 000003CC F001 0100       AND              R1, R1, #0  ;      R1= Decimal 
                                                            Place
  463 000003D0 F501 717A       ADD              R1, R1, #1000
  464 000003D4 1A5B    LoopA   SUBS             R3, R3, R1  ;           Counter
                                                             system makes R2 ha
                                                            ve value of Decimal
                                                             place
  465 000003D6 D402            BMI              thous_Done  ;
  466 000003D8 F102 0201       ADD              R2, R2, #1  ;
  467 000003DC E7FA            B                LoopA       ;
  468 000003DE         thous_Done
  469 000003DE 440B            ADD              R3, R3, R1  ;            Return
                                                             to Positive       
                                                              



ARM Macro Assembler    Page 12 


  470 000003E0 F102 0030       ADD              R0, R2, #0x30 ;         R0 is A
                                                            scii number to be o
                                                            utputed
  471 000003E4 B43F            PUSH             {R0-R5}
  472 000003E6 F7FF FFFE       BL               ST7735_OutChar ;
  473 000003EA BC3F            POP              {R0-R5}
  474 000003EC F04F 002E       LDR              R0, =DECIMAL ;
  475 000003F0 B43F            PUSH             {R0-R5}
  476 000003F2 F7FF FFFE       BL               ST7735_OutChar ;
  477 000003F6 BC3F            POP              {R0-R5}     ;        Output dec
                                                            imal
  478 000003F8         ;;;;;;;;;;;;;;;;;;;;;;;;;;;;;;;;;;;;;;;;;;;;;;;;;;;;;;
  479 000003F8         Hundred2
  480 000003F8 F002 0200       AND              R2, R2, #0  ;           R2= Dec
                                                            imal Value
  481 000003FC F001 0100       AND              R1, R1, #0  ;      R1= Decimal 
                                                            Place
  482 00000400 F101 0164       ADD              R1, R1, #100
  483 00000404 1A5B    LoopB   SUBS             R3, R3, R1  ;           Counter
                                                             system makes R2 ha
                                                            ve value of Decimal
                                                             place
  484 00000406 D402            BMI              huns_Done   ;
  485 00000408 F102 0201       ADD              R2, R2, #1  ;
  486 0000040C E7FA            B                LoopB       ;
  487 0000040E         huns_Done
  488 0000040E 440B            ADD              R3, R3, R1  ;          Return t
                                                            o Positive
  489 00000410 F102 0030       ADD              R0, R2, #0x30 ;         R0 is A
                                                            scii number to be o
                                                            utputed
  490 00000414 B43F            PUSH             {R0-R5}
  491 00000416 F7FF FFFE       BL               ST7735_OutChar ;
  492 0000041A BC3F            POP              {R0-R5}
  493 0000041C E7FF            B                Ten2        ;
  494 0000041E         ;;;;;;;;;;;;;;;;;;;;;;;;;;;;;;;;;;;;;;;;;;;;
  495 0000041E         Ten2
  496 0000041E F002 0200       AND              R2, R2, #0  ;           R2= Dec
                                                            imal Value
  497 00000422 F001 0100       AND              R1, R1, #0  ;      R1= Decimal 
                                                            Place
  498 00000426 F101 010A       ADD              R1, R1, #10 ;      R1= Decimal 
                                                            Place
  499 0000042A 1A5B    LoopC   SUBS             R3, R3, R1  ;           Counter
                                                             system makes R2 ha
                                                            ve value of Decimal
                                                             place
  500 0000042C D402            BMI              Tens_Done   ;
  501 0000042E F102 0201       ADD              R2, R2, #1  ;
  502 00000432 E7FA            B                LoopC       ;
  503 00000434         Tens_Done
  504 00000434 440B            ADD              R3, R3, R1  ;          Return t
                                                            o Positive
  505 00000436 F102 0030       ADD              R0, R2, #0x30 ;         R0 is A
                                                            scii number to be o
                                                            utputed
  506 0000043A B43F            PUSH             {R0-R5}
  507 0000043C F7FF FFFE       BL               ST7735_OutChar ;
  508 00000440 BC3F            POP              {R0-R5}



ARM Macro Assembler    Page 13 


  509 00000442 E7FF            B                One2        ;
  510 00000444         ;;;;;;;;;;;;;;;;;;;;;;;;;;;;;;;;;;;;;;;;;;;;;;;;;;;;;;;;
                       ;;;;;;;;;;;;;;;;;;;;;;;  
  511 00000444         One2
  512 00000444 F002 0200       AND              R2, R2, #0  ;           R2= Dec
                                                            imal Value
  513 00000448 F001 0100       AND              R1, R1, #0  ;      R1= Decimal 
                                                            Place
  514 0000044C F101 0101       ADD              R1, R1, #1  ;      R1= Decimal 
                                                            Place
  515 00000450 1A5B    LoopD   SUBS             R3, R3, R1  ;           Counter
                                                             system makes R2 ha
                                                            ve value of Decimal
                                                             place
  516 00000452 D402            BMI              ones_Done   ;
  517 00000454 F102 0201       ADD              R2, R2, #1  ;
  518 00000458 E7FA            B                LoopD       ;
  519 0000045A         ones_Done
  520 0000045A 440B            ADD              R3, R3, R1  ;          Return t
                                                            o Positive       
  521 0000045C F102 0030       ADD              R0, R2, #0x30 ;         R0 is A
                                                            scii number to be o
                                                            utputed
  522 00000460 B43F            PUSH             {R0-R5}
  523 00000462 F7FF FFFE       BL               ST7735_OutChar ;
  524 00000466 BC3F            POP              {R0-R5}
  525 00000468 E021            B                Done
  526 0000046A         
  527 0000046A         
  528 0000046A         Error
  529 0000046A 9800            LDR              R0, [SP, #Asterisk]
  530 0000046C F101 0000       ADD              R0, R1, #0  ;
  531 00000470 B43F            PUSH             {R0-R5}
  532 00000472 F7FF FFFE       BL               ST7735_OutChar ;
  533 00000476 BC3F            POP              {R0-R5}     ;        Output One
                                                            s Asterisk
  534 00000478 F04F 002E       LDR              R0, =DECIMAL
  535 0000047C B43F            PUSH             {R0-R5}
  536 0000047E F7FF FFFE       BL               ST7735_OutChar ;
  537 00000482 BC3F            POP              {R0-R5}     ;        Output dec
                                                            imal
  538 00000484 9800            LDR              R0, [SP, #Asterisk]
  539 00000486 F101 0000       ADD              R0, R1, #0  ;
  540 0000048A B43F            PUSH             {R0-R5}
  541 0000048C F7FF FFFE       BL               ST7735_OutChar ;
  542 00000490 BC3F            POP              {R0-R5}     ;        Output Ten
                                                            ths Asterisk
  543 00000492 9800            LDR              R0, [SP, #Asterisk]
  544 00000494 F101 0000       ADD              R0, R1, #0  ;
  545 00000498 B43F            PUSH             {R0-R5}
  546 0000049A F7FF FFFE       BL               ST7735_OutChar ;
  547 0000049E BC3F            POP              {R0-R5}     ;        Output Hun
                                                            dredths Asterisk
  548 000004A0 9800            LDR              R0, [SP, #Asterisk]
  549 000004A2 F101 0000       ADD              R0, R1, #0  ;
  550 000004A6 B43F            PUSH             {R0-R5}
  551 000004A8 F7FF FFFE       BL               ST7735_OutChar ;
  552 000004AC BC3F            POP              {R0-R5}     ;        Output Tho
                                                            usandths Asterisk



ARM Macro Assembler    Page 14 


  553 000004AE         
  554 000004AE         Done
  555 000004AE B002            ADD              SP, #8      ;               Dea
                                                            llocate  
  556 000004B0 E8BD 401F       POP              {R0-R4, LR}
  557 000004B4 4770            BX               LR
  558 000004B6         
  559 000004B6 00 00           ALIGN
  560 000004B8         ;* * * * * * * * End of LCD_OutFix * * * * * * * *
  561 000004B8         
  562 000004B8                 ALIGN                        ; make sure the end
                                                             of this section is
                                                             aligned
  563 000004B8                 END                          ; end of file
Command Line: --debug --xref --cpu=Cortex-M4 --apcs=interwork --depend=.\print.
d -o.\print.o -IC:\Keil\ARM\RV31\INC -IC:\Keil\ARM\CMSIS\Include -IC:\Keil\ARM\
Inc\Luminary --list=.\print.lst Print.s



ARM Macro Assembler    Page 1 Alphabetic symbol ordering
Relocatable symbols

.text 00000000

Symbol: .text
   Definitions
      At line 17 in file Print.s
   Uses
      None
Comment: .text unused
Billion_Done 000000B4

Symbol: Billion_Done
   Definitions
      At line 102 in file Print.s
   Uses
      At line 99 in file Print.s
Comment: Billion_Done used once
Billion_End 000000CC

Symbol: Billion_End
   Definitions
      At line 113 in file Print.s
   Uses
      At line 110 in file Print.s
Comment: Billion_End used once
Billion_Zero 000000C8

Symbol: Billion_Zero
   Definitions
      At line 111 in file Print.s
   Uses
      At line 105 in file Print.s
Comment: Billion_Zero used once
Billions 00000096

Symbol: Billions
   Definitions
      At line 92 in file Print.s
   Uses
      At line 43 in file Print.s
Comment: Billions used once
Blanks 00000378

Symbol: Blanks
   Definitions
      At line 397 in file Print.s
   Uses
      At line 385 in file Print.s
      At line 393 in file Print.s

Done 000004AE

Symbol: Done
   Definitions
      At line 554 in file Print.s
   Uses
      At line 525 in file Print.s
Comment: Done used once
Error 0000046A




ARM Macro Assembler    Page 2 Alphabetic symbol ordering
Relocatable symbols

Symbol: Error
   Definitions
      At line 528 in file Print.s
   Uses
      At line 452 in file Print.s
      At line 457 in file Print.s

Finish 0000039A

Symbol: Finish
   Definitions
      At line 413 in file Print.s
   Uses
      At line 86 in file Print.s
Comment: Finish used once
Hmill_Done 00000102

Symbol: Hmill_Done
   Definitions
      At line 132 in file Print.s
   Uses
      At line 129 in file Print.s
Comment: Hmill_Done used once
Hmill_End 00000128

Symbol: Hmill_End
   Definitions
      At line 149 in file Print.s
   Uses
      At line 143 in file Print.s
Comment: Hmill_End used once
Hmill_Zero 00000116

Symbol: Hmill_Zero
   Definitions
      At line 141 in file Print.s
   Uses
      At line 135 in file Print.s
Comment: Hmill_Zero used once
Hthou_Done 000001FE

Symbol: Hthou_Done
   Definitions
      At line 233 in file Print.s
   Uses
      At line 230 in file Print.s
Comment: Hthou_Done used once
Hthou_End 00000224

Symbol: Hthou_End
   Definitions
      At line 250 in file Print.s
   Uses
      At line 244 in file Print.s
Comment: Hthou_End used once
Hthou_Zero 00000212

Symbol: Hthou_Zero
   Definitions



ARM Macro Assembler    Page 3 Alphabetic symbol ordering
Relocatable symbols

      At line 242 in file Print.s
   Uses
      At line 236 in file Print.s
Comment: Hthou_Zero used once
Hundred 000002BC

Symbol: Hundred
   Definitions
      At line 314 in file Print.s
   Uses
      At line 302 in file Print.s
      At line 310 in file Print.s

Hundred2 000003F8

Symbol: Hundred2
   Definitions
      At line 479 in file Print.s
   Uses
      None
Comment: Hundred2 unused
Hundred_Mill 000000D0

Symbol: Hundred_Mill
   Definitions
      At line 117 in file Print.s
   Uses
      None
Comment: Hundred_Mill unused
Hundred_Thousand 000001D8

Symbol: Hundred_Thousand
   Definitions
      At line 221 in file Print.s
   Uses
      At line 209 in file Print.s
      At line 217 in file Print.s

LCD_OutDec 00000000

Symbol: LCD_OutDec
   Definitions
      At line 27 in file Print.s
   Uses
      At line 14 in file Print.s
Comment: LCD_OutDec used once
LCD_OutFix 000003A2

Symbol: LCD_OutFix
   Definitions
      At line 439 in file Print.s
   Uses
      At line 15 in file Print.s
Comment: LCD_OutFix used once
Lblank 0000038C

Symbol: Lblank
   Definitions
      At line 407 in file Print.s



ARM Macro Assembler    Page 4 Alphabetic symbol ordering
Relocatable symbols

   Uses
      At line 399 in file Print.s
      At line 412 in file Print.s

Loop1 000000AA

Symbol: Loop1
   Definitions
      At line 98 in file Print.s
   Uses
      At line 101 in file Print.s
Comment: Loop1 used once
Loop10 00000344

Symbol: Loop10
   Definitions
      At line 373 in file Print.s
   Uses
      At line 376 in file Print.s
Comment: Loop10 used once
Loop2 000000F8

Symbol: Loop2
   Definitions
      At line 128 in file Print.s
   Uses
      At line 131 in file Print.s
Comment: Loop2 used once
Loop3 00000150

Symbol: Loop3
   Definitions
      At line 163 in file Print.s
   Uses
      At line 166 in file Print.s
Comment: Loop3 used once
Loop4 000001A4

Symbol: Loop4
   Definitions
      At line 197 in file Print.s
   Uses
      At line 200 in file Print.s
Comment: Loop4 used once
Loop5 000001F4

Symbol: Loop5
   Definitions
      At line 229 in file Print.s
   Uses
      At line 232 in file Print.s
Comment: Loop5 used once
Loop6 00000240

Symbol: Loop6
   Definitions
      At line 260 in file Print.s
   Uses
      At line 263 in file Print.s



ARM Macro Assembler    Page 5 Alphabetic symbol ordering
Relocatable symbols

Comment: Loop6 used once
Loop7 00000288

Symbol: Loop7
   Definitions
      At line 290 in file Print.s
   Uses
      At line 293 in file Print.s
Comment: Loop7 used once
Loop8 000002CC

Symbol: Loop8
   Definitions
      At line 319 in file Print.s
   Uses
      At line 322 in file Print.s
Comment: Loop8 used once
Loop9 00000308

Symbol: Loop9
   Definitions
      At line 346 in file Print.s
   Uses
      At line 349 in file Print.s
Comment: Loop9 used once
LoopA 000003D4

Symbol: LoopA
   Definitions
      At line 464 in file Print.s
   Uses
      At line 467 in file Print.s
Comment: LoopA used once
LoopB 00000404

Symbol: LoopB
   Definitions
      At line 483 in file Print.s
   Uses
      At line 486 in file Print.s
Comment: LoopB used once
LoopC 0000042A

Symbol: LoopC
   Definitions
      At line 499 in file Print.s
   Uses
      At line 502 in file Print.s
Comment: LoopC used once
LoopD 00000450

Symbol: LoopD
   Definitions
      At line 515 in file Print.s
   Uses
      At line 518 in file Print.s
Comment: LoopD used once
MAX 0000001C




ARM Macro Assembler    Page 6 Alphabetic symbol ordering
Relocatable symbols

Symbol: MAX
   Definitions
      At line 45 in file Print.s
   Uses
      None
Comment: MAX unused
Mill 00000184

Symbol: Mill
   Definitions
      At line 188 in file Print.s
   Uses
      At line 175 in file Print.s
      At line 183 in file Print.s

One 0000033C

Symbol: One
   Definitions
      At line 370 in file Print.s
   Uses
      At line 358 in file Print.s
      At line 366 in file Print.s

One2 00000444

Symbol: One2
   Definitions
      At line 511 in file Print.s
   Uses
      At line 509 in file Print.s
Comment: One2 used once
Ten 00000300

Symbol: Ten
   Definitions
      At line 343 in file Print.s
   Uses
      At line 331 in file Print.s
      At line 339 in file Print.s

Ten2 0000041E

Symbol: Ten2
   Definitions
      At line 495 in file Print.s
   Uses
      At line 493 in file Print.s
Comment: Ten2 used once
Ten_Done 00000312

Symbol: Ten_Done
   Definitions
      At line 350 in file Print.s
   Uses
      At line 347 in file Print.s
Comment: Ten_Done used once
Ten_End 00000338




ARM Macro Assembler    Page 7 Alphabetic symbol ordering
Relocatable symbols

Symbol: Ten_End
   Definitions
      At line 367 in file Print.s
   Uses
      At line 361 in file Print.s
Comment: Ten_End used once
Ten_Mill 0000012C

Symbol: Ten_Mill
   Definitions
      At line 152 in file Print.s
   Uses
      At line 140 in file Print.s
      At line 148 in file Print.s

Ten_Thousand 00000228

Symbol: Ten_Thousand
   Definitions
      At line 253 in file Print.s
   Uses
      At line 241 in file Print.s
      At line 249 in file Print.s

Ten_Zero 00000326

Symbol: Ten_Zero
   Definitions
      At line 359 in file Print.s
   Uses
      At line 353 in file Print.s
Comment: Ten_Zero used once
Tens_Done 00000434

Symbol: Tens_Done
   Definitions
      At line 503 in file Print.s
   Uses
      At line 500 in file Print.s
Comment: Tens_Done used once
Thousand 00000274

Symbol: Thousand
   Definitions
      At line 284 in file Print.s
   Uses
      At line 272 in file Print.s
      At line 280 in file Print.s

Thousand2 000003C8

Symbol: Thousand2
   Definitions
      At line 460 in file Print.s
   Uses
      None
Comment: Thousand2 unused
Tmill_Done 0000015A




ARM Macro Assembler    Page 8 Alphabetic symbol ordering
Relocatable symbols

Symbol: Tmill_Done
   Definitions
      At line 167 in file Print.s
   Uses
      At line 164 in file Print.s
Comment: Tmill_Done used once
Tmill_End 00000180

Symbol: Tmill_End
   Definitions
      At line 184 in file Print.s
   Uses
      At line 178 in file Print.s
Comment: Tmill_End used once
Tmill_Zero 0000016E

Symbol: Tmill_Zero
   Definitions
      At line 176 in file Print.s
   Uses
      At line 170 in file Print.s
Comment: Tmill_Zero used once
Tthou_Done 0000024A

Symbol: Tthou_Done
   Definitions
      At line 264 in file Print.s
   Uses
      At line 261 in file Print.s
Comment: Tthou_Done used once
Tthou_End 00000270

Symbol: Tthou_End
   Definitions
      At line 281 in file Print.s
   Uses
      At line 275 in file Print.s
Comment: Tthou_End used once
Tthou_Zero 0000025E

Symbol: Tthou_Zero
   Definitions
      At line 273 in file Print.s
   Uses
      At line 267 in file Print.s
Comment: Tthou_Zero used once
hun_Done 000002D6

Symbol: hun_Done
   Definitions
      At line 323 in file Print.s
   Uses
      At line 320 in file Print.s
Comment: hun_Done used once
hun_End 000002FC

Symbol: hun_End
   Definitions
      At line 340 in file Print.s



ARM Macro Assembler    Page 9 Alphabetic symbol ordering
Relocatable symbols

   Uses
      At line 334 in file Print.s
Comment: hun_End used once
hun_Zero 000002EA

Symbol: hun_Zero
   Definitions
      At line 332 in file Print.s
   Uses
      At line 326 in file Print.s
Comment: hun_Zero used once
huns_Done 0000040E

Symbol: huns_Done
   Definitions
      At line 487 in file Print.s
   Uses
      At line 484 in file Print.s
Comment: huns_Done used once
mill_Done 000001AE

Symbol: mill_Done
   Definitions
      At line 201 in file Print.s
   Uses
      At line 198 in file Print.s
Comment: mill_Done used once
mill_End 000001D4

Symbol: mill_End
   Definitions
      At line 218 in file Print.s
   Uses
      At line 212 in file Print.s
Comment: mill_End used once
mill_Zero 000001C2

Symbol: mill_Zero
   Definitions
      At line 210 in file Print.s
   Uses
      At line 204 in file Print.s
Comment: mill_Zero used once
one_Done 0000034E

Symbol: one_Done
   Definitions
      At line 377 in file Print.s
   Uses
      At line 374 in file Print.s
Comment: one_Done used once
one_End 00000374

Symbol: one_End
   Definitions
      At line 394 in file Print.s
   Uses
      At line 388 in file Print.s
Comment: one_End used once



ARM Macro Assembler    Page 10 Alphabetic symbol ordering
Relocatable symbols

one_Zero 00000362

Symbol: one_Zero
   Definitions
      At line 386 in file Print.s
   Uses
      At line 380 in file Print.s
Comment: one_Zero used once
ones_Done 0000045A

Symbol: ones_Done
   Definitions
      At line 519 in file Print.s
   Uses
      At line 516 in file Print.s
Comment: ones_Done used once
thou_Done 00000292

Symbol: thou_Done
   Definitions
      At line 294 in file Print.s
   Uses
      At line 291 in file Print.s
Comment: thou_Done used once
thou_End 000002B8

Symbol: thou_End
   Definitions
      At line 311 in file Print.s
   Uses
      At line 305 in file Print.s
Comment: thou_End used once
thou_Zero 000002A6

Symbol: thou_Zero
   Definitions
      At line 303 in file Print.s
   Uses
      At line 297 in file Print.s
Comment: thou_Zero used once
thous_Done 000003DE

Symbol: thous_Done
   Definitions
      At line 468 in file Print.s
   Uses
      At line 465 in file Print.s
Comment: thous_Done used once
71 symbols



ARM Macro Assembler    Page 1 Alphabetic symbol ordering
Absolute symbols

Asterisk 00000000

Symbol: Asterisk
   Definitions
      At line 435 in file Print.s
   Uses
      At line 446 in file Print.s
      At line 447 in file Print.s
      At line 529 in file Print.s
      At line 538 in file Print.s
      At line 543 in file Print.s
      At line 548 in file Print.s

DECIMAL 0000002E

Symbol: DECIMAL
   Definitions
      At line 436 in file Print.s
   Uses
      At line 474 in file Print.s
      At line 534 in file Print.s

NUMBER 00000020

Symbol: NUMBER
   Definitions
      At line 29 in file Print.s
   Uses
      None
Comment: NUMBER unused
Number 0000002A

Symbol: Number
   Definitions
      At line 437 in file Print.s
   Uses
      None
Comment: Number unused
SPACEASCII 00000000

Symbol: SPACEASCII
   Definitions
      At line 28 in file Print.s
   Uses
      At line 35 in file Print.s
      At line 36 in file Print.s
      At line 407 in file Print.s

5 symbols



ARM Macro Assembler    Page 1 Alphabetic symbol ordering
External symbols

ST7735_OutChar 00000000

Symbol: ST7735_OutChar
   Definitions
      At line 12 in file Print.s
   Uses
      At line 48 in file Print.s
      At line 52 in file Print.s
      At line 56 in file Print.s
      At line 60 in file Print.s
      At line 64 in file Print.s
      At line 68 in file Print.s
      At line 72 in file Print.s
      At line 76 in file Print.s
      At line 80 in file Print.s
      At line 84 in file Print.s
      At line 108 in file Print.s
      At line 138 in file Print.s
      At line 146 in file Print.s
      At line 173 in file Print.s
      At line 181 in file Print.s
      At line 207 in file Print.s
      At line 215 in file Print.s
      At line 239 in file Print.s
      At line 247 in file Print.s
      At line 270 in file Print.s
      At line 278 in file Print.s
      At line 300 in file Print.s
      At line 308 in file Print.s
      At line 329 in file Print.s
      At line 337 in file Print.s
      At line 356 in file Print.s
      At line 364 in file Print.s
      At line 383 in file Print.s
      At line 391 in file Print.s
      At line 404 in file Print.s
      At line 409 in file Print.s
      At line 472 in file Print.s
      At line 476 in file Print.s
      At line 491 in file Print.s
      At line 507 in file Print.s
      At line 523 in file Print.s
      At line 532 in file Print.s
      At line 536 in file Print.s
      At line 541 in file Print.s
      At line 546 in file Print.s
      At line 551 in file Print.s

ST7735_OutString 00000000

Symbol: ST7735_OutString
   Definitions
      At line 13 in file Print.s
   Uses
      None
Comment: ST7735_OutString unused
2 symbols
408 symbols in table
